c:\users\jzpwh\documents\visual studio 2015\projects\chuixianyi\chuixianyi\x64\release\uic\ui_chuixianyi.h
c:\users\jzpwh\documents\visual studio 2015\projects\chuixianyi\chuixianyi\x64\release\rcc\qrc_chuixianyi.cpp
c:\users\jzpwh\documents\visual studio 2015\projects\chuixianyi\chuixianyi\x64\release\moc\moc_chuixianyi.cpp
c:\users\jzpwh\documents\visual studio 2015\projects\chuixianyi\chuixianyi\x64\release\moc_chuixianyi.obj
c:\users\jzpwh\documents\visual studio 2015\projects\chuixianyi\chuixianyi\x64\release\qrc_chuixianyi.obj
c:\users\jzpwh\documents\visual studio 2015\projects\chuixianyi\chuixianyi\x64\release\main.obj
c:\users\jzpwh\documents\visual studio 2015\projects\chuixianyi\chuixianyi\x64\release\chuixianyi.obj
c:\users\jzpwh\documents\visual studio 2015\projects\chuixianyi\x64\release\chuixianyi.exe
c:\users\jzpwh\documents\visual studio 2015\projects\chuixianyi\chuixianyi\x64\release\chuixianyi.tlog\chuixianyi.write.1u.tlog
c:\users\jzpwh\documents\visual studio 2015\projects\chuixianyi\chuixianyi\x64\release\chuixianyi.tlog\cl.command.1.tlog
c:\users\jzpwh\documents\visual studio 2015\projects\chuixianyi\chuixianyi\x64\release\chuixianyi.tlog\cl.read.1.tlog
c:\users\jzpwh\documents\visual studio 2015\projects\chuixianyi\chuixianyi\x64\release\chuixianyi.tlog\cl.write.1.tlog
c:\users\jzpwh\documents\visual studio 2015\projects\chuixianyi\chuixianyi\x64\release\chuixianyi.tlog\link.command.1.tlog
c:\users\jzpwh\documents\visual studio 2015\projects\chuixianyi\chuixianyi\x64\release\chuixianyi.tlog\link.read.1.tlog
c:\users\jzpwh\documents\visual studio 2015\projects\chuixianyi\chuixianyi\x64\release\chuixianyi.tlog\link.write.1.tlog
c:\users\jzpwh\documents\visual studio 2015\projects\chuixianyi\chuixianyi\x64\release\chuixianyi.tlog\moc.read.1u.tlog
c:\users\jzpwh\documents\visual studio 2015\projects\chuixianyi\chuixianyi\x64\release\chuixianyi.tlog\moc.write.1u.tlog
c:\users\jzpwh\documents\visual studio 2015\projects\chuixianyi\chuixianyi\x64\release\chuixianyi.tlog\rcc.read.1u.tlog
c:\users\jzpwh\documents\visual studio 2015\projects\chuixianyi\chuixianyi\x64\release\chuixianyi.tlog\rcc.write.1u.tlog
c:\users\jzpwh\documents\visual studio 2015\projects\chuixianyi\chuixianyi\x64\release\chuixianyi.tlog\uic.read.1u.tlog
c:\users\jzpwh\documents\visual studio 2015\projects\chuixianyi\chuixianyi\x64\release\chuixianyi.tlog\uic.write.1u.tlog
