c:\users\jzpwh\documents\visual studio 2015\projects\chuixianyi\chuixianyi\x64\debug\uic\ui_chuixianyi.h
c:\users\jzpwh\documents\visual studio 2015\projects\chuixianyi\chuixianyi\x64\debug\rcc\qrc_chuixianyi.cpp
c:\users\jzpwh\documents\visual studio 2015\projects\chuixianyi\chuixianyi\x64\debug\moc\moc_chuixianyi.cpp
c:\users\jzpwh\documents\visual studio 2015\projects\chuixianyi\chuixianyi\x64\debug\qrc_chuixianyi.obj
c:\users\jzpwh\documents\visual studio 2015\projects\chuixianyi\chuixianyi\x64\debug\moc_chuixianyi.obj
c:\users\jzpwh\documents\visual studio 2015\projects\chuixianyi\chuixianyi\x64\debug\vc140.pdb
c:\users\jzpwh\documents\visual studio 2015\projects\chuixianyi\chuixianyi\x64\debug\chuixianyi.obj
c:\users\jzpwh\documents\visual studio 2015\projects\chuixianyi\chuixianyi\x64\debug\main.obj
c:\users\jzpwh\documents\visual studio 2015\projects\chuixianyi\x64\debug\chuixianyi.ilk
c:\users\jzpwh\documents\visual studio 2015\projects\chuixianyi\x64\debug\chuixianyi.exe
c:\users\jzpwh\documents\visual studio 2015\projects\chuixianyi\x64\debug\chuixianyi.pdb
c:\users\jzpwh\documents\visual studio 2015\projects\chuixianyi\chuixianyi\x64\debug\chuixianyi.tlog\chuixianyi.write.1u.tlog
c:\users\jzpwh\documents\visual studio 2015\projects\chuixianyi\chuixianyi\x64\debug\chuixianyi.tlog\cl.command.1.tlog
c:\users\jzpwh\documents\visual studio 2015\projects\chuixianyi\chuixianyi\x64\debug\chuixianyi.tlog\cl.read.1.tlog
c:\users\jzpwh\documents\visual studio 2015\projects\chuixianyi\chuixianyi\x64\debug\chuixianyi.tlog\cl.write.1.tlog
c:\users\jzpwh\documents\visual studio 2015\projects\chuixianyi\chuixianyi\x64\debug\chuixianyi.tlog\link.command.1.tlog
c:\users\jzpwh\documents\visual studio 2015\projects\chuixianyi\chuixianyi\x64\debug\chuixianyi.tlog\link.read.1.tlog
c:\users\jzpwh\documents\visual studio 2015\projects\chuixianyi\chuixianyi\x64\debug\chuixianyi.tlog\link.write.1.tlog
c:\users\jzpwh\documents\visual studio 2015\projects\chuixianyi\chuixianyi\x64\debug\chuixianyi.tlog\moc.read.1u.tlog
c:\users\jzpwh\documents\visual studio 2015\projects\chuixianyi\chuixianyi\x64\debug\chuixianyi.tlog\moc.write.1u.tlog
c:\users\jzpwh\documents\visual studio 2015\projects\chuixianyi\chuixianyi\x64\debug\chuixianyi.tlog\rcc.read.1u.tlog
c:\users\jzpwh\documents\visual studio 2015\projects\chuixianyi\chuixianyi\x64\debug\chuixianyi.tlog\rcc.write.1u.tlog
c:\users\jzpwh\documents\visual studio 2015\projects\chuixianyi\chuixianyi\x64\debug\chuixianyi.tlog\uic.read.1u.tlog
c:\users\jzpwh\documents\visual studio 2015\projects\chuixianyi\chuixianyi\x64\debug\chuixianyi.tlog\uic.write.1u.tlog
